# JRE version: OpenJDK Runtime Environment (8.0_91-b14) (build 1.8.0_91-8u91-b14-3ubuntu1~16.04.1-b14)
# Java VM: OpenJDK 64-Bit Server VM (25.91-b14 mixed mode linux-amd64 compressed oops)
Heap:
 PSYoungGen      total 415744K, used 11261K [0x00000000d8100000, 0x00000000f2880000, 0x0000000100000000)
  eden space 404480K, 0% used [0x00000000d8100000,0x00000000d8100000,0x00000000f0c00000)
  from space 11264K, 99% used [0x00000000f1280000,0x00000000f1d7f708,0x00000000f1d80000)
  to   space 7680K, 0% used [0x00000000f2100000,0x00000000f2100000,0x00000000f2880000)
 ParOldGen       total 78336K, used 32584K [0x0000000088200000, 0x000000008ce80000, 0x00000000d8100000)
  object space 78336K, 41% used [0x0000000088200000,0x000000008a1d2238,0x000000008ce80000)
 Metaspace       used 47503K, capacity 59003K, committed 59160K, reserved 1091584K
  class space    used 12564K, capacity 16423K, committed 16424K, reserved 1048576K
GC Heap History (10 events):
Event: 2.845 GC heap after
Heap after GC invocations=6 (full 0):
 PSYoungGen      total 256512K, used 7250K [0x00000000d8100000, 0x00000000e8800000, 0x0000000100000000)
  eden space 245760K, 0% used [0x00000000d8100000,0x00000000d8100000,0x00000000e7100000)
  from space 10752K, 67% used [0x00000000e7d80000,0x00000000e8494bd8,0x00000000e8800000)
  to   space 11776K, 0% used [0x00000000e7100000,0x00000000e7100000,0x00000000e7c80000)
 ParOldGen       total 81920K, used 11453K [0x0000000088200000, 0x000000008d200000, 0x00000000d8100000)
  object space 81920K, 13% used [0x0000000088200000,0x0000000088d2f6a8,0x000000008d200000)
 Metaspace       used 18000K, capacity 21269K, committed 21296K, reserved 1064960K
  class space    used 4362K, capacity 5477K, committed 5504K, reserved 1048576K
}
Event: 2.845 GC heap before
{Heap before GC invocations=7 (full 1):
 PSYoungGen      total 256512K, used 7250K [0x00000000d8100000, 0x00000000e8800000, 0x0000000100000000)
  eden space 245760K, 0% used [0x00000000d8100000,0x00000000d8100000,0x00000000e7100000)
  from space 10752K, 67% used [0x00000000e7d80000,0x00000000e8494bd8,0x00000000e8800000)
  to   space 11776K, 0% used [0x00000000e7100000,0x00000000e7100000,0x00000000e7c80000)
 ParOldGen       total 81920K, used 11453K [0x0000000088200000, 0x000000008d200000, 0x00000000d8100000)
  object space 81920K, 13% used [0x0000000088200000,0x0000000088d2f6a8,0x000000008d200000)
 Metaspace       used 18000K, capacity 21269K, committed 21296K, reserved 1064960K
  class space    used 4362K, capacity 5477K, committed 5504K, reserved 1048576K
Event: 2.912 GC heap after
Heap after GC invocations=7 (full 1):
 PSYoungGen      total 256512K, used 0K [0x00000000d8100000, 0x00000000e8800000, 0x0000000100000000)
  eden space 245760K, 0% used [0x00000000d8100000,0x00000000d8100000,0x00000000e7100000)
  from space 10752K, 0% used [0x00000000e7d80000,0x00000000e7d80000,0x00000000e8800000)
  to   space 11776K, 0% used [0x00000000e7100000,0x00000000e7100000,0x00000000e7c80000)
 ParOldGen       total 62464K, used 16516K [0x0000000088200000, 0x000000008bf00000, 0x00000000d8100000)
  object space 62464K, 26% used [0x0000000088200000,0x00000000892212f8,0x000000008bf00000)
 Metaspace       used 18000K, capacity 21269K, committed 21296K, reserved 1064960K
  class space    used 4362K, capacity 5477K, committed 5504K, reserved 1048576K
}
Event: 33.399 GC heap before
{Heap before GC invocations=8 (full 1):
 PSYoungGen      total 256512K, used 245760K [0x00000000d8100000, 0x00000000e8800000, 0x0000000100000000)
  eden space 245760K, 100% used [0x00000000d8100000,0x00000000e7100000,0x00000000e7100000)
  from space 10752K, 0% used [0x00000000e7d80000,0x00000000e7d80000,0x00000000e8800000)
  to   space 11776K, 0% used [0x00000000e7100000,0x00000000e7100000,0x00000000e7c80000)
 ParOldGen       total 62464K, used 16516K [0x0000000088200000, 0x000000008bf00000, 0x00000000d8100000)
  object space 62464K, 26% used [0x0000000088200000,0x00000000892212f8,0x000000008bf00000)
 Metaspace       used 22926K, capacity 29095K, committed 29184K, reserved 1071104K
  class space    used 6139K, capacity 8167K, committed 8192K, reserved 1048576K
Event: 33.437 GC heap after
Heap after GC invocations=8 (full 1):
 PSYoungGen      total 257536K, used 4784K [0x00000000d8100000, 0x00000000f2c80000, 0x0000000100000000)
  eden space 245760K, 0% used [0x00000000d8100000,0x00000000d8100000,0x00000000e7100000)
  from space 11776K, 40% used [0x00000000e7100000,0x00000000e75ac050,0x00000000e7c80000)
  to   space 11776K, 0% used [0x00000000f2100000,0x00000000f2100000,0x00000000f2c80000)
 ParOldGen       total 62464K, used 16524K [0x0000000088200000, 0x000000008bf00000, 0x00000000d8100000)
  object space 62464K, 26% used [0x0000000088200000,0x00000000892232f8,0x000000008bf00000)
 Metaspace       used 22926K, capacity 29095K, committed 29184K, reserved 1071104K
  class space    used 6139K, capacity 8167K, committed 8192K, reserved 1048576K
}
Event: 34.624 GC heap before
{Heap before GC invocations=9 (full 1):
 PSYoungGen      total 257536K, used 168907K [0x00000000d8100000, 0x00000000f2c80000, 0x0000000100000000)
  eden space 245760K, 66% used [0x00000000d8100000,0x00000000e2146cc0,0x00000000e7100000)
  from space 11776K, 40% used [0x00000000e7100000,0x00000000e75ac050,0x00000000e7c80000)
  to   space 11776K, 0% used [0x00000000f2100000,0x00000000f2100000,0x00000000f2c80000)
 ParOldGen       total 62464K, used 16524K [0x0000000088200000, 0x000000008bf00000, 0x00000000d8100000)
  object space 62464K, 26% used [0x0000000088200000,0x00000000892232f8,0x000000008bf00000)
 Metaspace       used 26624K, capacity 35463K, committed 35496K, reserved 1075200K
  class space    used 7386K, capacity 10407K, committed 10408K, reserved 1048576K
Event: 34.646 GC heap after
Heap after GC invocations=9 (full 1):
 PSYoungGen      total 412160K, used 7424K [0x00000000d8100000, 0x00000000f2880000, 0x0000000100000000)
  eden space 404480K, 0% used [0x00000000d8100000,0x00000000d8100000,0x00000000f0c00000)
  from space 7680K, 96% used [0x00000000f2100000,0x00000000f2840030,0x00000000f2880000)
  to   space 11264K, 0% used [0x00000000f1280000,0x00000000f1280000,0x00000000f1d80000)
 ParOldGen       total 62464K, used 16532K [0x0000000088200000, 0x000000008bf00000, 0x00000000d8100000)
  object space 62464K, 26% used [0x0000000088200000,0x00000000892252f8,0x000000008bf00000)
 Metaspace       used 26624K, capacity 35463K, committed 35496K, reserved 1075200K
  class space    used 7386K, capacity 10407K, committed 10408K, reserved 1048576K
}
Event: 34.646 GC heap before
{Heap before GC invocations=10 (full 2):
 PSYoungGen      total 412160K, used 7424K [0x00000000d8100000, 0x00000000f2880000, 0x0000000100000000)
  eden space 404480K, 0% used [0x00000000d8100000,0x00000000d8100000,0x00000000f0c00000)
  from space 7680K, 96% used [0x00000000f2100000,0x00000000f2840030,0x00000000f2880000)
  to   space 11264K, 0% used [0x00000000f1280000,0x00000000f1280000,0x00000000f1d80000)
 ParOldGen       total 62464K, used 16532K [0x0000000088200000, 0x000000008bf00000, 0x00000000d8100000)
  object space 62464K, 26% used [0x0000000088200000,0x00000000892252f8,0x000000008bf00000)
 Metaspace       used 26624K, capacity 35463K, committed 35496K, reserved 1075200K
  class space    used 7386K, capacity 10407K, committed 10408K, reserved 1048576K
Event: 34.747 GC heap after
Heap after GC invocations=10 (full 2):
 PSYoungGen      total 412160K, used 0K [0x00000000d8100000, 0x00000000f2880000, 0x0000000100000000)
  eden space 404480K, 0% used [0x00000000d8100000,0x00000000d8100000,0x00000000f0c00000)
  from space 7680K, 0% used [0x00000000f2100000,0x00000000f2100000,0x00000000f2880000)
  to   space 11264K, 0% used [0x00000000f1280000,0x00000000f1280000,0x00000000f1d80000)
 ParOldGen       total 78336K, used 23169K [0x0000000088200000, 0x000000008ce80000, 0x00000000d8100000)
  object space 78336K, 29% used [0x0000000088200000,0x00000000898a05c8,0x000000008ce80000)
 Metaspace       used 26616K, capacity 35451K, committed 35496K, reserved 1075200K
  class space    used 7383K, capacity 10403K, committed 10408K, reserved 1048576K
}
Event: 38.506 GC heap before
{Heap before GC invocations=11 (full 2):
 PSYoungGen      total 412160K, used 361262K [0x00000000d8100000, 0x00000000f2880000, 0x0000000100000000)
  eden space 404480K, 89% used [0x00000000d8100000,0x00000000ee1cbbd8,0x00000000f0c00000)
  from space 7680K, 0% used [0x00000000f2100000,0x00000000f2100000,0x00000000f2880000)
  to   space 11264K, 0% used [0x00000000f1280000,0x00000000f1280000,0x00000000f1d80000)
 ParOldGen       total 78336K, used 23169K [0x0000000088200000, 0x000000008ce80000, 0x00000000d8100000)
  object space 78336K, 29% used [0x0000000088200000,0x00000000898a05c8,0x000000008ce80000)
 Metaspace       used 47503K, capacity 59003K, committed 59160K, reserved 1091584K
  class space    used 12564K, capacity 16423K, committed 16424K, reserved 1048576K

